Program Internal Form
integer (-1, -1)
id (7, 0)
. (-1, -1)
integer (-1, -1)
id (8, 0)
. (-1, -1)
integer (-1, -1)
id (9, 0)
. (-1, -1)
if (-1, -1)
id (7, 0)
> (-1, -1)
id (8, 0)
then (-1, -1)
( (-1, -1)
if (-1, -1)
id (7, 0)
> (-1, -1)
id (9, 0)
then (-1, -1)
( (-1, -1)
print (-1, -1)
id (7, 0)
. (-1, -1)
) (-1, -1)
) (-1, -1)
else (-1, -1)
if (-1, -1)
id (8, 0)
> (-1, -1)
id (7, 0)
then (-1, -1)
( (-1, -1)
if (-1, -1)
id (8, 0)
> (-1, -1)
id (9, 0)
then (-1, -1)
( (-1, -1)
print (-1, -1)
id (8, 0)
. (-1, -1)
) (-1, -1)
) (-1, -1)
else (-1, -1)
id (9, 0)
. (-1, -1)
